\BOOKMARK [1][-]{section.1}{\376\377\151\202\217\360}{}% 1
\BOOKMARK [1][-]{section.2}{\376\377\147\266\147\204}{}% 2
\BOOKMARK [1][-]{section.3}{\376\377\116\044\226\066\153\265\154\333\123\026}{}% 3
\BOOKMARK [2][-]{subsection.3.1}{\376\377\000P\000h\000a\000s\000e\000\040\0001\377\032\124\014\136\246\211\304\136\366\117\070}{section.3}% 4
\BOOKMARK [2][-]{subsection.3.2}{\376\377\000P\000h\000a\000s\000e\000\040\0002\377\032\136\246\211\304\146\377\143\142}{section.3}% 5
\BOOKMARK [2][-]{subsection.3.3}{\376\377\136\246\211\304\136\223}{section.3}% 6
\BOOKMARK [1][-]{section.4}{\376\377\000F\000a\000c\000t\000\040\000S\000h\000e\000e\000t}{}% 7
\BOOKMARK [1][-]{section.5}{\376\377\232\214\213\301\000-\117\356\153\143\137\252\163\257}{}% 8
\BOOKMARK [2][-]{subsection.5.1}{\376\377\232\214\213\301}{section.5}% 9
\BOOKMARK [2][-]{subsection.5.2}{\376\377\117\356\153\143\137\252\163\257}{section.5}% 10
\BOOKMARK [1][-]{section.6}{\376\377\000L\000L\000M\000\040\221\115\177\156}{}% 11
\BOOKMARK [1][-]{section.7}{\376\377\000J\000S\000O\000N\000\040\000S\000c\000h\000e\000m\000a}{}% 12
\BOOKMARK [1][-]{section.8}{\376\377\000P\000r\000o\000m\000p\000t\000s\000\040\121\163\225\056\211\304\122\031}{}% 13
\BOOKMARK [1][-]{section.9}{\376\377\000C\000l\000e\000a\000n\000e\000r}{}% 14
\BOOKMARK [1][-]{section.10}{\376\377\153\143\170\156\140\047\117\335\213\301}{}% 15
\BOOKMARK [1][-]{section.11}{\376\377\230\171\166\356\176\323\147\204}{}% 16
\BOOKMARK [1][-]{section.12}{\376\377\135\362\211\343\121\263\225\356\230\230}{}% 17
\BOOKMARK [1][-]{section.13}{\376\377\137\205\232\214\213\301\225\356\230\230}{}% 18
\BOOKMARK [1][-]{section.14}{\376\377\124\016\176\355\145\271\124\021}{}% 19
\BOOKMARK [1][-]{section*.2}{\376\377\226\104\154\350\377\032\170\156\133\232\140\047\150\007\154\350}{}% 20
