\BOOKMARK [1][-]{section.1}{\376\377\135\345\117\134\152\041\137\017}{}% 1
\BOOKMARK [1][-]{section.2}{\376\377\000F\000u\000n\000n\000e\000l}{}% 2
\BOOKMARK [1][-]{section.3}{\376\377\000D\000i\000v\000e\000r\000s\000i\000t\000y\000\040\000c\000o\000v\000e\000r\000a\000g\000e}{}% 3
\BOOKMARK [1][-]{section.4}{\376\377\000F\000a\000i\000l\000e\000d\000\040\000s\000o\000u\000r\000c\000e\000s\000\040\000\050\000s\000k\000i\000p\000\040\000/\000\040\000p\000a\000r\000t\000i\000a\000l\000\051}{}% 4
\BOOKMARK [1][-]{section.5}{\376\377\000W\000h\000a\000t\000\040\000w\000o\000r\000k\000e\000d\000\040\000/\000\040\000d\000i\000d\000n\000'\000t}{}% 5
\BOOKMARK [2][-]{subsection.5.1}{\376\377\135\362\176\317\120\132\131\175}{section.5}% 6
\BOOKMARK [2][-]{subsection.5.2}{\376\377\154\241\135\345\117\134\131\175\117\106\134\035\213\325\217\307\166\204\116\213}{section.5}% 7
\BOOKMARK [2][-]{subsection.5.3}{\376\377\213\241\122\022\120\132\166\204\116\213}{section.5}% 8
\BOOKMARK [1][-]{section.6}{\376\377\220\107\122\060\166\204\126\360\226\276}{}% 9
\BOOKMARK [2][-]{subsection.6.1}{\376\377\000C\000l\000a\000u\000d\000e\000\040\000C\000o\000d\000e\000\040\117\177\165\050\200\375\122\233\116\015\215\263\133\374\201\364\116\343\170\001\201\303\200\277}{section.6}% 10
\BOOKMARK [2][-]{subsection.6.2}{\376\377\121\166\116\326\135\345\172\013\126\360\226\276}{section.6}% 11
\BOOKMARK [1][-]{section.7}{\376\377\000T\000o\000k\000e\000n\000\040\000/\000\040\000w\000a\000l\000l\000-\000c\000l\000o\000c\000k\000\040\000e\000s\000t\000i\000m\000a\000t\000e}{}% 12
\BOOKMARK [1][-]{section.8}{\376\377\000A\000r\000c\000h\000i\000t\000e\000c\000t\000u\000r\000e\000\040\000s\000u\000m\000m\000a\000r\000y}{}% 13
\BOOKMARK [1][-]{section.9}{\376\377\000P\000i\000p\000e\000l\000i\000n\000e\000\040\176\323\147\204\116\016\165\050\154\325}{}% 14
\BOOKMARK [2][-]{subsection.9.1}{\376\377\116\343\170\001\152\041\127\127\176\304\176\307}{section.9}% 15
\BOOKMARK [2][-]{subsection.9.2}{\376\377\124\175\116\344\210\114\143\245\123\343}{section.9}% 16
\BOOKMARK [2][-]{subsection.9.3}{\376\377\000P\000i\000p\000e\000l\000i\000n\000e\000\040\124\004\226\066\153\265\213\346\211\343}{section.9}% 17
\BOOKMARK [2][-]{subsection.9.4}{\376\377\145\160\143\156\000\040\000S\000c\000h\000e\000m\000a}{section.9}% 18
\BOOKMARK [2][-]{subsection.9.5}{\376\377\152\041\127\213\221\115\177\156}{section.9}% 19
\BOOKMARK [1][-]{section.10}{\376\377\136\246\211\304\136\223}{}% 20
\BOOKMARK [1][-]{section.11}{\376\377\000V\000e\000r\000i\000f\000i\000c\000a\000t\000i\000o\000n\000\040\000l\000a\000y\000e\000r\000s}{}% 21
